{"/Users/irinaorekhova/Desktop/Object-homework-1/src/script.js": {"path":"/Users/irinaorekhova/Desktop/Object-homework-1/src/script.js","statementMap":{"0":{"start":{"line":1,"column":19},"end":{"line":7,"column":1}},"1":{"start":{"line":10,"column":17},"end":{"line":10,"column":19}},"2":{"start":{"line":11,"column":18},"end":{"line":11,"column":28}},"3":{"start":{"line":13,"column":2},"end":{"line":16,"column":5}},"4":{"start":{"line":14,"column":4},"end":{"line":14,"column":53}},"5":{"start":{"line":15,"column":4},"end":{"line":15,"column":25}},"6":{"start":{"line":18,"column":15},"end":{"line":18,"column":17}},"7":{"start":{"line":19,"column":2},"end":{"line":21,"column":3}},"8":{"start":{"line":20,"column":4},"end":{"line":20,"column":44}},"9":{"start":{"line":23,"column":2},"end":{"line":23,"column":48}},"10":{"start":{"line":23,"column":23},"end":{"line":23,"column":45}},"11":{"start":{"line":25,"column":18},"end":{"line":25,"column":45}},"12":{"start":{"line":26,"column":2},"end":{"line":28,"column":5}},"13":{"start":{"line":27,"column":4},"end":{"line":27,"column":53}},"14":{"start":{"line":30,"column":2},"end":{"line":30,"column":16}},"15":{"start":{"line":32,"column":0},"end":{"line":32,"column":50}}},"fnMap":{"0":{"name":"orderByProps","decl":{"start":{"line":9,"column":16},"end":{"line":9,"column":28}},"loc":{"start":{"line":9,"column":41},"end":{"line":31,"column":1}},"line":9},"1":{"name":"(anonymous_1)","decl":{"start":{"line":13,"column":16},"end":{"line":13,"column":17}},"loc":{"start":{"line":13,"column":26},"end":{"line":16,"column":3}},"line":13},"2":{"name":"(anonymous_2)","decl":{"start":{"line":23,"column":12},"end":{"line":23,"column":13}},"loc":{"start":{"line":23,"column":23},"end":{"line":23,"column":45}},"line":23},"3":{"name":"(anonymous_3)","decl":{"start":{"line":26,"column":18},"end":{"line":26,"column":19}},"loc":{"start":{"line":26,"column":28},"end":{"line":28,"column":3}},"line":26}},"branchMap":{"0":{"loc":{"start":{"line":23,"column":23},"end":{"line":23,"column":45}},"type":"cond-expr","locations":[{"start":{"line":23,"column":39},"end":{"line":23,"column":40}},{"start":{"line":23,"column":43},"end":{"line":23,"column":45}}],"line":23}},"s":{"0":1,"1":2,"2":2,"3":2,"4":4,"5":4,"6":2,"7":2,"8":6,"9":2,"10":8,"11":2,"12":2,"13":6,"14":2,"15":1},"f":{"0":2,"1":4,"2":8,"3":6},"b":{"0":[4,4]},"_coverageSchema":"1a1c01bbd47fc00a2c39e90264f33305004495a9","hash":"793b9f3f8d1a7e0d6eed91a7aa08c7bf4f03e494"}
}
